<?xml version="1.0" encoding="UTF-8"?>
<!-- Generated by org.testng.reporters.JUnitReportReporter -->
<testsuite hostname="Envichka" failures="0" tests="1" name="com.demoqa.tests.PracticeFormTest" time="4.338" errors="0" timestamp="2024-04-19T01:51:15 CEST" skipped="0">
  <testcase classname="com.demoqa.tests.PracticeFormTest" name="createStudentAccountTest" time="4.338"/>
</testsuite> <!-- com.demoqa.tests.PracticeFormTest -->
