<?xml version="1.0" encoding="UTF-8"?>
<!-- Generated by org.testng.reporters.JUnitReportReporter -->
<testsuite hostname="Envichka" failures="0" tests="1" name="com.demoqa.tests.PracticeFormTest" time="8.137" errors="0" timestamp="2024-04-21T18:31:11 CEST" skipped="0">
  <testcase classname="com.demoqa.tests.PracticeFormTest" name="createStudentAccountTest" time="8.137"/>
</testsuite> <!-- com.demoqa.tests.PracticeFormTest -->
